#
# There is insufficient memory for the Java Runtime Environment to continue.
# Native memory allocation (mmap) failed to map 65536 bytes for Failed to commit metaspace.
# Possible reasons:
#   The system is out of physical RAM or swap space
#   The process is running with CompressedOops enabled, and the Java Heap may be blocking the growth of the native heap
# Possible solutions:
#   Reduce memory load on the system
#   Increase physical memory or swap space
#   Check if swap backing store is full
#   Decrease Java heap size (-Xmx/-Xms)
#   Decrease number of Java threads
#   Decrease Java thread stack sizes (-Xss)
#   Set larger code cache with -XX:ReservedCodeCacheSize=
#   JVM is running with Unscaled Compressed Oops mode in which the Java heap is
#     placed in the first 4GB address space. The Java Heap base address is the
#     maximum limit for the native heap growth. Please use -XX:HeapBaseMinAddress
#     to set the Java Heap base and to place the Java Heap above 4GB virtual address.
# This output file may be truncated or incomplete.
#
#  Out of Memory Error (virtualSpaceNode.cpp:110), pid=31044, tid=29208
#
# JRE version: OpenJDK Runtime Environment Temurin-17.0.5+8 (17.0.5+8) (build 17.0.5+8)
# Java VM: OpenJDK 64-Bit Server VM Temurin-17.0.5+8 (17.0.5+8, mixed mode, tiered, compressed oops, compressed class ptrs, g1 gc, windows-amd64)
# No core dump will be written. Minidumps are not enabled by default on client versions of Windows
#

---------------  S U M M A R Y ------------

Command Line: -Dfile.encoding=UTF-8 -XX:+ShowCodeDetailsInExceptionMessages Game.GUI

Host: AMD Ryzen 5 4500U with Radeon Graphics         , 6 cores, 7G,  Windows 10 , 64 bit Build 19041 (10.0.19041.2546)
Time: Wed Mar 29 18:20:43 2023 Central Daylight Time elapsed time: 182137.931251 seconds (2d 2h 35m 37s)

---------------  T H R E A D  ---------------

Current thread (0x000002786910d5d0):  JavaThread "AWT-EventQueue-0" [_thread_in_vm, id=29208, stack(0x000000cb04100000,0x000000cb04200000)]

Stack: [0x000000cb04100000,0x000000cb04200000]
Native frames: (J=compiled Java code, j=interpreted, Vv=VM code, C=native code)
V  [jvm.dll+0x676b3a]
V  [jvm.dll+0x831444]
V  [jvm.dll+0x832bee]
V  [jvm.dll+0x833253]
V  [jvm.dll+0x244ce5]
V  [jvm.dll+0x82d4db]
V  [jvm.dll+0x61b2f6]
V  [jvm.dll+0x61b35a]
V  [jvm.dll+0x61db7a]
V  [jvm.dll+0x61bc96]
V  [jvm.dll+0x23937f]
V  [jvm.dll+0x625af5]
V  [jvm.dll+0x1e99bb]
V  [jvm.dll+0x1e9ef5]
V  [jvm.dll+0x1ea92f]
V  [jvm.dll+0x1dfdd1]
V  [jvm.dll+0x53be30]
V  [jvm.dll+0x1f05a7]
V  [jvm.dll+0x7ab9db]
V  [jvm.dll+0x7acd82]
V  [jvm.dll+0x7ad0b8]
V  [jvm.dll+0x23d0ee]
V  [jvm.dll+0x23d33f]
V  [jvm.dll+0x5594a8]
V  [jvm.dll+0x55c357]
V  [jvm.dll+0x382574]
V  [jvm.dll+0x381bdf]
C  0x0000027851d8a582

Java frames: (J=compiled Java code, j=interpreted, Vv=VM code)
j  sun.awt.image.VolatileSurfaceManager.getBackupSurface()Lsun/java2d/SurfaceData;+63 java.desktop@17.0.5
j  sun.awt.image.VolatileSurfaceManager.displayChanged()V+33 java.desktop@17.0.5
j  sun.awt.SunDisplayChanger.notifyListeners()V+105 java.desktop@17.0.5
j  sun.awt.Win32GraphicsEnvironment.displayChanged()V+291 java.desktop@17.0.5
j  sun.awt.windows.WToolkit.lambda$displayChanged$4()V+15 java.desktop@17.0.5
j  sun.awt.windows.WToolkit$$Lambda$140+0x00000001001adbe0.run()V+0 java.desktop@17.0.5
j  java.awt.event.InvocationEvent.dispatch()V+47 java.desktop@17.0.5
j  java.awt.EventQueue.dispatchEventImpl(Ljava/awt/AWTEvent;Ljava/lang/Object;)V+21 java.desktop@17.0.5
j  java.awt.EventQueue$4.run()Ljava/lang/Void;+32 java.desktop@17.0.5
j  java.awt.EventQueue$4.run()Ljava/lang/Object;+1 java.desktop@17.0.5
J 742 c1 java.security.AccessController.executePrivileged(Ljava/security/PrivilegedAction;Ljava/security/AccessControlContext;Ljava/lang/Class;)Ljava/lang/Object; java.base@17.0.5 (65 bytes) @ 0x000002785242ea34 [0x000002785242e8e0+0x0000000000000154]
j  java.security.AccessController.doPrivileged(Ljava/security/PrivilegedAction;Ljava/security/AccessControlContext;)Ljava/lang/Object;+13 java.base@17.0.5
j  java.security.ProtectionDomain$JavaSecurityAccessImpl.doIntersectionPrivilege(Ljava/security/PrivilegedAction;Ljava/security/AccessControlContext;Ljava/security/AccessControlContext;)Ljava/lang/Object;+18 java.base@17.0.5
j  java.awt.EventQueue.dispatchEvent(Ljava/awt/AWTEvent;)V+46 java.desktop@17.0.5
j  java.awt.EventDispatchThread.pumpOneEventForFilters(I)V+78 java.desktop@17.0.5
j  java.awt.EventDispatchThread.pumpEventsForFilter(ILjava/awt/Conditional;Ljava/awt/EventFilter;)V+35 java.desktop@17.0.5
j  java.awt.EventDispatchThread.pumpEventsForHierarchy(ILjava/awt/Conditional;Ljava/awt/Component;)V+11 java.desktop@17.0.5
j  java.awt.EventDispatchThread.pumpEvents(ILjava/awt/Conditional;)V+4 java.desktop@17.0.5
j  java.awt.EventDispatchThread.pumpEvents(Ljava/awt/Conditional;)V+3 java.desktop@17.0.5
j  java.awt.EventDispatchThread.run()V+9 java.desktop@17.0.5
v  ~StubRoutines::call_stub

---------------  P R O C E S S  ---------------

Threads class SMR info:
_java_thread_list=0x00000278691dbfd0, length=17, elements={
0x0000027867cb0e10, 0x0000027867cb2870, 0x0000027867cd2be0, 0x0000027867cd34a0,
0x0000027867cd3d60, 0x0000027867cd5040, 0x0000027868824020, 0x0000027868831600,
0x0000027868849ed0, 0x00000278689844e0, 0x0000027868990b90, 0x0000027868d18ae0,
0x0000027868d18fb0, 0x0000027868d19600, 0x000002786910d5d0, 0x0000027869138a30,
0x0000027869136d50
}

Java Threads: ( => current thread )
  0x0000027867cb0e10 JavaThread "Reference Handler" daemon [_thread_blocked, id=25308, stack(0x000000cb02800000,0x000000cb02900000)]
  0x0000027867cb2870 JavaThread "Finalizer" daemon [_thread_blocked, id=20056, stack(0x000000cb02900000,0x000000cb02a00000)]
  0x0000027867cd2be0 JavaThread "Signal Dispatcher" daemon [_thread_blocked, id=27052, stack(0x000000cb02a00000,0x000000cb02b00000)]
  0x0000027867cd34a0 JavaThread "Attach Listener" daemon [_thread_blocked, id=30776, stack(0x000000cb02b00000,0x000000cb02c00000)]
  0x0000027867cd3d60 JavaThread "Service Thread" daemon [_thread_blocked, id=21168, stack(0x000000cb02c00000,0x000000cb02d00000)]
  0x0000027867cd5040 JavaThread "Monitor Deflation Thread" daemon [_thread_blocked, id=27728, stack(0x000000cb02d00000,0x000000cb02e00000)]
  0x0000027868824020 JavaThread "C2 CompilerThread0" daemon [_thread_blocked, id=940, stack(0x000000cb02e00000,0x000000cb02f00000)]
  0x0000027868831600 JavaThread "C1 CompilerThread0" daemon [_thread_blocked, id=3236, stack(0x000000cb02f00000,0x000000cb03000000)]
  0x0000027868849ed0 JavaThread "Sweeper thread" daemon [_thread_blocked, id=13672, stack(0x000000cb03000000,0x000000cb03100000)]
  0x00000278689844e0 JavaThread "Notification Thread" daemon [_thread_blocked, id=12532, stack(0x000000cb03100000,0x000000cb03200000)]
  0x0000027868990b90 JavaThread "Common-Cleaner" daemon [_thread_blocked, id=31616, stack(0x000000cb03300000,0x000000cb03400000)]
  0x0000027868d18ae0 JavaThread "Java2D Disposer" daemon [_thread_blocked, id=25020, stack(0x000000cb03400000,0x000000cb03500000)]
  0x0000027868d18fb0 JavaThread "AWT-Shutdown" [_thread_blocked, id=1112, stack(0x000000cb03500000,0x000000cb03600000)]
  0x0000027868d19600 JavaThread "AWT-Windows" daemon [_thread_in_native, id=7716, stack(0x000000cb03600000,0x000000cb03700000)]
=>0x000002786910d5d0 JavaThread "AWT-EventQueue-0" [_thread_in_vm, id=29208, stack(0x000000cb04100000,0x000000cb04200000)]
  0x0000027869138a30 JavaThread "DestroyJavaVM" [_thread_blocked, id=30540, stack(0x000000cb02100000,0x000000cb02200000)]
  0x0000027869136d50 JavaThread "D3D Screen Updater" daemon [_thread_blocked, id=13016, stack(0x000000cb04300000,0x000000cb04400000)]

Other Threads:
  0x0000027867cad140 VMThread "VM Thread" [stack: 0x000000cb02700000,0x000000cb02800000] [id=26312]
  0x00000278688ce550 WatcherThread [stack: 0x000000cb03200000,0x000000cb03300000] [id=18680]
  0x000002784e702890 GCTaskThread "GC Thread#0" [stack: 0x000000cb02200000,0x000000cb02300000] [id=25732]
  0x000002784e7133f0 ConcurrentGCThread "G1 Main Marker" [stack: 0x000000cb02300000,0x000000cb02400000] [id=23124]
  0x000002784e7145a0 ConcurrentGCThread "G1 Conc#0" [stack: 0x000000cb02400000,0x000000cb02500000] [id=31500]
  0x0000027867b20090 ConcurrentGCThread "G1 Refine#0" [stack: 0x000000cb02500000,0x000000cb02600000] [id=3784]
  0x0000027867b209c0 ConcurrentGCThread "G1 Service" [stack: 0x000000cb02600000,0x000000cb02700000] [id=7736]

Threads with active compile tasks:

VM state: not at safepoint (normal execution)

VM Mutex/Monitor currently owned by a thread:  ([mutex/lock_event])
[0x000002784e6a3ef0] Metaspace_lock - owner thread: 0x000002786910d5d0

Heap address: 0x000000008a000000, size: 1888 MB, Compressed Oops mode: 32-bit

CDS archive(s) not mapped
Compressed class space mapped at: 0x0000000100000000-0x0000000140000000, reserved size: 1073741824
Narrow klass base: 0x0000000000000000, Narrow klass shift: 3, Narrow klass range: 0x140000000

GC Precious Log:
 CPUs: 6 total, 6 available
 Memory: 7547M
 Large Page Support: Disabled
 NUMA Support: Disabled
 Compressed Oops: Enabled (32-bit)
 Heap Region Size: 1M
 Heap Min Capacity: 8M
 Heap Initial Capacity: 118M
 Heap Max Capacity: 1888M
 Pre-touch: Disabled
 Parallel Workers: 6
 Concurrent Workers: 2
 Concurrent Refinement Workers: 6
 Periodic GC: Disabled

Heap:
 garbage-first heap   total 120832K, used 11264K [0x000000008a000000, 0x0000000100000000)
  region size 1024K, 12 young (12288K), 0 survivors (0K)
 Metaspace       used 16398K, committed 16576K, reserved 1064960K
  class space    used 1710K, committed 1856K, reserved 1048576K

Heap Regions: E=young(eden), S=young(survivor), O=old, HS=humongous(starts), HC=humongous(continues), CS=collection set, F=free, OA=open archive, CA=closed archive, TAMS=top-at-mark-start (previous, next)
|   0|0x000000008a000000, 0x000000008a000000, 0x000000008a100000|  0%| F|  |TAMS 0x000000008a000000, 0x000000008a000000| Untracked 
|   1|0x000000008a100000, 0x000000008a100000, 0x000000008a200000|  0%| F|  |TAMS 0x000000008a100000, 0x000000008a100000| Untracked 
|   2|0x000000008a200000, 0x000000008a200000, 0x000000008a300000|  0%| F|  |TAMS 0x000000008a200000, 0x000000008a200000| Untracked 
|   3|0x000000008a300000, 0x000000008a300000, 0x000000008a400000|  0%| F|  |TAMS 0x000000008a300000, 0x000000008a300000| Untracked 
|   4|0x000000008a400000, 0x000000008a400000, 0x000000008a500000|  0%| F|  |TAMS 0x000000008a400000, 0x000000008a400000| Untracked 
|   5|0x000000008a500000, 0x000000008a500000, 0x000000008a600000|  0%| F|  |TAMS 0x000000008a500000, 0x000000008a500000| Untracked 
|   6|0x000000008a600000, 0x000000008a600000, 0x000000008a700000|  0%| F|  |TAMS 0x000000008a600000, 0x000000008a600000| Untracked 
|   7|0x000000008a700000, 0x000000008a700000, 0x000000008a800000|  0%| F|  |TAMS 0x000000008a700000, 0x000000008a700000| Untracked 
|   8|0x000000008a800000, 0x000000008a800000, 0x000000008a900000|  0%| F|  |TAMS 0x000000008a800000, 0x000000008a800000| Untracked 
|   9|0x000000008a900000, 0x000000008a900000, 0x000000008aa00000|  0%| F|  |TAMS 0x000000008a900000, 0x000000008a900000| Untracked 
|  10|0x000000008aa00000, 0x000000008aa00000, 0x000000008ab00000|  0%| F|  |TAMS 0x000000008aa00000, 0x000000008aa00000| Untracked 
|  11|0x000000008ab00000, 0x000000008ab00000, 0x000000008ac00000|  0%| F|  |TAMS 0x000000008ab00000, 0x000000008ab00000| Untracked 
|  12|0x000000008ac00000, 0x000000008ac00000, 0x000000008ad00000|  0%| F|  |TAMS 0x000000008ac00000, 0x000000008ac00000| Untracked 
|  13|0x000000008ad00000, 0x000000008ad00000, 0x000000008ae00000|  0%| F|  |TAMS 0x000000008ad00000, 0x000000008ad00000| Untracked 
|  14|0x000000008ae00000, 0x000000008ae00000, 0x000000008af00000|  0%| F|  |TAMS 0x000000008ae00000, 0x000000008ae00000| Untracked 
|  15|0x000000008af00000, 0x000000008af00000, 0x000000008b000000|  0%| F|  |TAMS 0x000000008af00000, 0x000000008af00000| Untracked 
|  16|0x000000008b000000, 0x000000008b000000, 0x000000008b100000|  0%| F|  |TAMS 0x000000008b000000, 0x000000008b000000| Untracked 
|  17|0x000000008b100000, 0x000000008b100000, 0x000000008b200000|  0%| F|  |TAMS 0x000000008b100000, 0x000000008b100000| Untracked 
|  18|0x000000008b200000, 0x000000008b200000, 0x000000008b300000|  0%| F|  |TAMS 0x000000008b200000, 0x000000008b200000| Untracked 
|  19|0x000000008b300000, 0x000000008b300000, 0x000000008b400000|  0%| F|  |TAMS 0x000000008b300000, 0x000000008b300000| Untracked 
|  20|0x000000008b400000, 0x000000008b400000, 0x000000008b500000|  0%| F|  |TAMS 0x000000008b400000, 0x000000008b400000| Untracked 
|  21|0x000000008b500000, 0x000000008b500000, 0x000000008b600000|  0%| F|  |TAMS 0x000000008b500000, 0x000000008b500000| Untracked 
|  22|0x000000008b600000, 0x000000008b600000, 0x000000008b700000|  0%| F|  |TAMS 0x000000008b600000, 0x000000008b600000| Untracked 
|  23|0x000000008b700000, 0x000000008b700000, 0x000000008b800000|  0%| F|  |TAMS 0x000000008b700000, 0x000000008b700000| Untracked 
|  24|0x000000008b800000, 0x000000008b800000, 0x000000008b900000|  0%| F|  |TAMS 0x000000008b800000, 0x000000008b800000| Untracked 
|  25|0x000000008b900000, 0x000000008b900000, 0x000000008ba00000|  0%| F|  |TAMS 0x000000008b900000, 0x000000008b900000| Untracked 
|  26|0x000000008ba00000, 0x000000008ba00000, 0x000000008bb00000|  0%| F|  |TAMS 0x000000008ba00000, 0x000000008ba00000| Untracked 
|  27|0x000000008bb00000, 0x000000008bb00000, 0x000000008bc00000|  0%| F|  |TAMS 0x000000008bb00000, 0x000000008bb00000| Untracked 
|  28|0x000000008bc00000, 0x000000008bc00000, 0x000000008bd00000|  0%| F|  |TAMS 0x000000008bc00000, 0x000000008bc00000| Untracked 
|  29|0x000000008bd00000, 0x000000008bd00000, 0x000000008be00000|  0%| F|  |TAMS 0x000000008bd00000, 0x000000008bd00000| Untracked 
|  30|0x000000008be00000, 0x000000008be00000, 0x000000008bf00000|  0%| F|  |TAMS 0x000000008be00000, 0x000000008be00000| Untracked 
|  31|0x000000008bf00000, 0x000000008bf00000, 0x000000008c000000|  0%| F|  |TAMS 0x000000008bf00000, 0x000000008bf00000| Untracked 
|  32|0x000000008c000000, 0x000000008c000000, 0x000000008c100000|  0%| F|  |TAMS 0x000000008c000000, 0x000000008c000000| Untracked 
|  33|0x000000008c100000, 0x000000008c100000, 0x000000008c200000|  0%| F|  |TAMS 0x000000008c100000, 0x000000008c100000| Untracked 
|  34|0x000000008c200000, 0x000000008c200000, 0x000000008c300000|  0%| F|  |TAMS 0x000000008c200000, 0x000000008c200000| Untracked 
|  35|0x000000008c300000, 0x000000008c300000, 0x000000008c400000|  0%| F|  |TAMS 0x000000008c300000, 0x000000008c300000| Untracked 
|  36|0x000000008c400000, 0x000000008c400000, 0x000000008c500000|  0%| F|  |TAMS 0x000000008c400000, 0x000000008c400000| Untracked 
|  37|0x000000008c500000, 0x000000008c500000, 0x000000008c600000|  0%| F|  |TAMS 0x000000008c500000, 0x000000008c500000| Untracked 
|  38|0x000000008c600000, 0x000000008c600000, 0x000000008c700000|  0%| F|  |TAMS 0x000000008c600000, 0x000000008c600000| Untracked 
|  39|0x000000008c700000, 0x000000008c700000, 0x000000008c800000|  0%| F|  |TAMS 0x000000008c700000, 0x000000008c700000| Untracked 
|  40|0x000000008c800000, 0x000000008c800000, 0x000000008c900000|  0%| F|  |TAMS 0x000000008c800000, 0x000000008c800000| Untracked 
|  41|0x000000008c900000, 0x000000008c900000, 0x000000008ca00000|  0%| F|  |TAMS 0x000000008c900000, 0x000000008c900000| Untracked 
|  42|0x000000008ca00000, 0x000000008ca00000, 0x000000008cb00000|  0%| F|  |TAMS 0x000000008ca00000, 0x000000008ca00000| Untracked 
|  43|0x000000008cb00000, 0x000000008cb00000, 0x000000008cc00000|  0%| F|  |TAMS 0x000000008cb00000, 0x000000008cb00000| Untracked 
|  44|0x000000008cc00000, 0x000000008cc00000, 0x000000008cd00000|  0%| F|  |TAMS 0x000000008cc00000, 0x000000008cc00000| Untracked 
|  45|0x000000008cd00000, 0x000000008cd00000, 0x000000008ce00000|  0%| F|  |TAMS 0x000000008cd00000, 0x000000008cd00000| Untracked 
|  46|0x000000008ce00000, 0x000000008ce00000, 0x000000008cf00000|  0%| F|  |TAMS 0x000000008ce00000, 0x000000008ce00000| Untracked 
|  47|0x000000008cf00000, 0x000000008cf00000, 0x000000008d000000|  0%| F|  |TAMS 0x000000008cf00000, 0x000000008cf00000| Untracked 
|  48|0x000000008d000000, 0x000000008d000000, 0x000000008d100000|  0%| F|  |TAMS 0x000000008d000000, 0x000000008d000000| Untracked 
|  49|0x000000008d100000, 0x000000008d100000, 0x000000008d200000|  0%| F|  |TAMS 0x000000008d100000, 0x000000008d100000| Untracked 
|  50|0x000000008d200000, 0x000000008d200000, 0x000000008d300000|  0%| F|  |TAMS 0x000000008d200000, 0x000000008d200000| Untracked 
|  51|0x000000008d300000, 0x000000008d300000, 0x000000008d400000|  0%| F|  |TAMS 0x000000008d300000, 0x000000008d300000| Untracked 
|  52|0x000000008d400000, 0x000000008d400000, 0x000000008d500000|  0%| F|  |TAMS 0x000000008d400000, 0x000000008d400000| Untracked 
|  53|0x000000008d500000, 0x000000008d500000, 0x000000008d600000|  0%| F|  |TAMS 0x000000008d500000, 0x000000008d500000| Untracked 
|  54|0x000000008d600000, 0x000000008d600000, 0x000000008d700000|  0%| F|  |TAMS 0x000000008d600000, 0x000000008d600000| Untracked 
|  55|0x000000008d700000, 0x000000008d700000, 0x000000008d800000|  0%| F|  |TAMS 0x000000008d700000, 0x000000008d700000| Untracked 
|  56|0x000000008d800000, 0x000000008d800000, 0x000000008d900000|  0%| F|  |TAMS 0x000000008d800000, 0x000000008d800000| Untracked 
|  57|0x000000008d900000, 0x000000008d900000, 0x000000008da00000|  0%| F|  |TAMS 0x000000008d900000, 0x000000008d900000| Untracked 
|  58|0x000000008da00000, 0x000000008da00000, 0x000000008db00000|  0%| F|  |TAMS 0x000000008da00000, 0x000000008da00000| Untracked 
|  59|0x000000008db00000, 0x000000008db00000, 0x000000008dc00000|  0%| F|  |TAMS 0x000000008db00000, 0x000000008db00000| Untracked 
|  60|0x000000008dc00000, 0x000000008dc00000, 0x000000008dd00000|  0%| F|  |TAMS 0x000000008dc00000, 0x000000008dc00000| Untracked 
|  61|0x000000008dd00000, 0x000000008dd00000, 0x000000008de00000|  0%| F|  |TAMS 0x000000008dd00000, 0x000000008dd00000| Untracked 
|  62|0x000000008de00000, 0x000000008de00000, 0x000000008df00000|  0%| F|  |TAMS 0x000000008de00000, 0x000000008de00000| Untracked 
|  63|0x000000008df00000, 0x000000008df00000, 0x000000008e000000|  0%| F|  |TAMS 0x000000008df00000, 0x000000008df00000| Untracked 
|  64|0x000000008e000000, 0x000000008e000000, 0x000000008e100000|  0%| F|  |TAMS 0x000000008e000000, 0x000000008e000000| Untracked 
|  65|0x000000008e100000, 0x000000008e100000, 0x000000008e200000|  0%| F|  |TAMS 0x000000008e100000, 0x000000008e100000| Untracked 
|  66|0x000000008e200000, 0x000000008e200000, 0x000000008e300000|  0%| F|  |TAMS 0x000000008e200000, 0x000000008e200000| Untracked 
|  67|0x000000008e300000, 0x000000008e300000, 0x000000008e400000|  0%| F|  |TAMS 0x000000008e300000, 0x000000008e300000| Untracked 
|  68|0x000000008e400000, 0x000000008e400000, 0x000000008e500000|  0%| F|  |TAMS 0x000000008e400000, 0x000000008e400000| Untracked 
|  69|0x000000008e500000, 0x000000008e500000, 0x000000008e600000|  0%| F|  |TAMS 0x000000008e500000, 0x000000008e500000| Untracked 
|  70|0x000000008e600000, 0x000000008e600000, 0x000000008e700000|  0%| F|  |TAMS 0x000000008e600000, 0x000000008e600000| Untracked 
|  71|0x000000008e700000, 0x000000008e700000, 0x000000008e800000|  0%| F|  |TAMS 0x000000008e700000, 0x000000008e700000| Untracked 
|  72|0x000000008e800000, 0x000000008e800000, 0x000000008e900000|  0%| F|  |TAMS 0x000000008e800000, 0x000000008e800000| Untracked 
|  73|0x000000008e900000, 0x000000008e900000, 0x000000008ea00000|  0%| F|  |TAMS 0x000000008e900000, 0x000000008e900000| Untracked 
|  74|0x000000008ea00000, 0x000000008ea00000, 0x000000008eb00000|  0%| F|  |TAMS 0x000000008ea00000, 0x000000008ea00000| Untracked 
|  75|0x000000008eb00000, 0x000000008eb00000, 0x000000008ec00000|  0%| F|  |TAMS 0x000000008eb00000, 0x000000008eb00000| Untracked 
|  76|0x000000008ec00000, 0x000000008ec00000, 0x000000008ed00000|  0%| F|  |TAMS 0x000000008ec00000, 0x000000008ec00000| Untracked 
|  77|0x000000008ed00000, 0x000000008ed00000, 0x000000008ee00000|  0%| F|  |TAMS 0x000000008ed00000, 0x000000008ed00000| Untracked 
|  78|0x000000008ee00000, 0x000000008ee00000, 0x000000008ef00000|  0%| F|  |TAMS 0x000000008ee00000, 0x000000008ee00000| Untracked 
|  79|0x000000008ef00000, 0x000000008ef00000, 0x000000008f000000|  0%| F|  |TAMS 0x000000008ef00000, 0x000000008ef00000| Untracked 
|  80|0x000000008f000000, 0x000000008f000000, 0x000000008f100000|  0%| F|  |TAMS 0x000000008f000000, 0x000000008f000000| Untracked 
|  81|0x000000008f100000, 0x000000008f100000, 0x000000008f200000|  0%| F|  |TAMS 0x000000008f100000, 0x000000008f100000| Untracked 
|  82|0x000000008f200000, 0x000000008f200000, 0x000000008f300000|  0%| F|  |TAMS 0x000000008f200000, 0x000000008f200000| Untracked 
|  83|0x000000008f300000, 0x000000008f300000, 0x000000008f400000|  0%| F|  |TAMS 0x000000008f300000, 0x000000008f300000| Untracked 
|  84|0x000000008f400000, 0x000000008f400000, 0x000000008f500000|  0%| F|  |TAMS 0x000000008f400000, 0x000000008f400000| Untracked 
|  85|0x000000008f500000, 0x000000008f500000, 0x000000008f600000|  0%| F|  |TAMS 0x000000008f500000, 0x000000008f500000| Untracked 
|  86|0x000000008f600000, 0x000000008f600000, 0x000000008f700000|  0%| F|  |TAMS 0x000000008f600000, 0x000000008f600000| Untracked 
|  87|0x000000008f700000, 0x000000008f700000, 0x000000008f800000|  0%| F|  |TAMS 0x000000008f700000, 0x000000008f700000| Untracked 
|  88|0x000000008f800000, 0x000000008f800000, 0x000000008f900000|  0%| F|  |TAMS 0x000000008f800000, 0x000000008f800000| Untracked 
|  89|0x000000008f900000, 0x000000008f900000, 0x000000008fa00000|  0%| F|  |TAMS 0x000000008f900000, 0x000000008f900000| Untracked 
|  90|0x000000008fa00000, 0x000000008fa00000, 0x000000008fb00000|  0%| F|  |TAMS 0x000000008fa00000, 0x000000008fa00000| Untracked 
|  91|0x000000008fb00000, 0x000000008fb00000, 0x000000008fc00000|  0%| F|  |TAMS 0x000000008fb00000, 0x000000008fb00000| Untracked 
|  92|0x000000008fc00000, 0x000000008fc00000, 0x000000008fd00000|  0%| F|  |TAMS 0x000000008fc00000, 0x000000008fc00000| Untracked 
|  93|0x000000008fd00000, 0x000000008fd00000, 0x000000008fe00000|  0%| F|  |TAMS 0x000000008fd00000, 0x000000008fd00000| Untracked 
|  94|0x000000008fe00000, 0x000000008fe00000, 0x000000008ff00000|  0%| F|  |TAMS 0x000000008fe00000, 0x000000008fe00000| Untracked 
|  95|0x000000008ff00000, 0x000000008ff00000, 0x0000000090000000|  0%| F|  |TAMS 0x000000008ff00000, 0x000000008ff00000| Untracked 
|  96|0x0000000090000000, 0x0000000090000000, 0x0000000090100000|  0%| F|  |TAMS 0x0000000090000000, 0x0000000090000000| Untracked 
|  97|0x0000000090100000, 0x0000000090100000, 0x0000000090200000|  0%| F|  |TAMS 0x0000000090100000, 0x0000000090100000| Untracked 
|  98|0x0000000090200000, 0x0000000090200000, 0x0000000090300000|  0%| F|  |TAMS 0x0000000090200000, 0x0000000090200000| Untracked 
|  99|0x0000000090300000, 0x0000000090300000, 0x0000000090400000|  0%| F|  |TAMS 0x0000000090300000, 0x0000000090300000| Untracked 
| 100|0x0000000090400000, 0x0000000090400000, 0x0000000090500000|  0%| F|  |TAMS 0x0000000090400000, 0x0000000090400000| Untracked 
| 101|0x0000000090500000, 0x0000000090500000, 0x0000000090600000|  0%| F|  |TAMS 0x0000000090500000, 0x0000000090500000| Untracked 
| 102|0x0000000090600000, 0x0000000090600000, 0x0000000090700000|  0%| F|  |TAMS 0x0000000090600000, 0x0000000090600000| Untracked 
| 103|0x0000000090700000, 0x0000000090700000, 0x0000000090800000|  0%| F|  |TAMS 0x0000000090700000, 0x0000000090700000| Untracked 
| 104|0x0000000090800000, 0x0000000090800000, 0x0000000090900000|  0%| F|  |TAMS 0x0000000090800000, 0x0000000090800000| Untracked 
| 105|0x0000000090900000, 0x0000000090900000, 0x0000000090a00000|  0%| F|  |TAMS 0x0000000090900000, 0x0000000090900000| Untracked 
| 106|0x0000000090a00000, 0x0000000090b00000, 0x0000000090b00000|100%| E|  |TAMS 0x0000000090a00000, 0x0000000090a00000| Complete 
| 107|0x0000000090b00000, 0x0000000090c00000, 0x0000000090c00000|100%| E|CS|TAMS 0x0000000090b00000, 0x0000000090b00000| Complete 
| 108|0x0000000090c00000, 0x0000000090d00000, 0x0000000090d00000|100%| E|CS|TAMS 0x0000000090c00000, 0x0000000090c00000| Complete 
| 109|0x0000000090d00000, 0x0000000090e00000, 0x0000000090e00000|100%| E|CS|TAMS 0x0000000090d00000, 0x0000000090d00000| Complete 
| 110|0x0000000090e00000, 0x0000000090f00000, 0x0000000090f00000|100%| E|CS|TAMS 0x0000000090e00000, 0x0000000090e00000| Complete 
| 111|0x0000000090f00000, 0x0000000091000000, 0x0000000091000000|100%| E|CS|TAMS 0x0000000090f00000, 0x0000000090f00000| Complete 
| 112|0x0000000091000000, 0x0000000091100000, 0x0000000091100000|100%| E|CS|TAMS 0x0000000091000000, 0x0000000091000000| Complete 
| 113|0x0000000091100000, 0x0000000091200000, 0x0000000091200000|100%| E|CS|TAMS 0x0000000091100000, 0x0000000091100000| Complete 
| 114|0x0000000091200000, 0x0000000091300000, 0x0000000091300000|100%| E|CS|TAMS 0x0000000091200000, 0x0000000091200000| Complete 
| 115|0x0000000091300000, 0x0000000091400000, 0x0000000091400000|100%| E|CS|TAMS 0x0000000091300000, 0x0000000091300000| Complete 
| 116|0x0000000091400000, 0x0000000091500000, 0x0000000091500000|100%| E|CS|TAMS 0x0000000091400000, 0x0000000091400000| Complete 
| 117|0x0000000091500000, 0x0000000091600000, 0x0000000091600000|100%| E|CS|TAMS 0x0000000091500000, 0x0000000091500000| Complete 

Card table byte_map: [0x0000027861230000,0x00000278615e0000] _byte_map_base: 0x0000027860de0000

Marking Bits (Prev, Next): (CMBitMap*) 0x000002784e702ea0, (CMBitMap*) 0x000002784e702ee0
 Prev Bits: [0x0000027861990000, 0x0000027863710000)
 Next Bits: [0x0000027863710000, 0x0000027865490000)

Polling page: 0x000002784c5e0000

Metaspace:

Usage:
  Non-class:     14.34 MB used.
      Class:      1.67 MB used.
       Both:     16.01 MB used.

Virtual space:
  Non-class space:       16.00 MB reserved,      14.38 MB ( 90%) committed,  2 nodes.
      Class space:        1.00 GB reserved,       1.81 MB ( <1%) committed,  1 nodes.
             Both:        1.02 GB reserved,      16.19 MB (  2%) committed. 

Chunk freelists:
   Non-Class:  1.00 MB
       Class:  2.24 MB
        Both:  3.24 MB

MaxMetaspaceSize: unlimited
CompressedClassSpaceSize: 1.00 GB
Initial GC threshold: 21.00 MB
Current GC threshold: 21.00 MB
CDS: off
MetaspaceReclaimPolicy: balanced
 - commit_granule_bytes: 65536.
 - commit_granule_words: 8192.
 - virtual_space_node_default_size: 1048576.
 - enlarge_chunks_in_place: 1.
 - new_chunks_are_fully_committed: 0.
 - uncommit_free_chunks: 1.
 - use_allocation_guard: 0.
 - handle_deallocations: 1.


Internal statistics:

num_allocs_failed_limit: 0.
num_arena_births: 110.
num_arena_deaths: 0.
num_vsnodes_births: 3.
num_vsnodes_deaths: 0.
num_space_committed: 259.
num_space_uncommitted: 0.
num_chunks_returned_to_freelist: 0.
num_chunks_taken_from_freelist: 201.
num_chunk_merges: 0.
num_chunk_splits: 90.
num_chunks_enlarged: 22.
num_purges: 0.
num_inconsistent_stats: 0.

CodeHeap 'non-profiled nmethods': size=120000Kb used=307Kb max_used=307Kb free=119692Kb
 bounds [0x0000027859840000, 0x0000027859ab0000, 0x0000027860d70000]
CodeHeap 'profiled nmethods': size=120000Kb used=1608Kb max_used=1608Kb free=118391Kb
 bounds [0x0000027852310000, 0x0000027852580000, 0x0000027859840000]
CodeHeap 'non-nmethods': size=5760Kb used=1310Kb max_used=1317Kb free=4449Kb
 bounds [0x0000027851d70000, 0x0000027851fe0000, 0x0000027852310000]
 total_blobs=1658 nmethods=1010 adapters=561
 compilation: enabled
              stopped_count=0, restarted_count=0
 full_count=0

Compilation events (20 events):
Event: 3283.313 Thread 0x0000027868831600  999 % !   3       sun.java2d.d3d.D3DScreenUpdateManager::run @ 0 (267 bytes)
Event: 3283.326 Thread 0x0000027868831600 nmethod 999% 0x0000027852498090 code [0x00000278524984e0, 0x000002785249abe8]
Event: 3338.657 Thread 0x0000027868831600 1000   !   3       sun.java2d.d3d.D3DScreenUpdateManager::run (267 bytes)
Event: 3338.661 Thread 0x0000027868831600 nmethod 1000 0x000002785249bb90 code [0x000002785249bfe0, 0x000002785249e668]
Event: 3449.454 Thread 0x0000027868824020 1001       4       sun.java2d.StateTrackableDelegate$1::isCurrent (17 bytes)
Event: 3449.455 Thread 0x0000027868824020 nmethod 1001 0x0000027859889510 code [0x0000027859889680, 0x0000027859889738]
Event: 168699.173 Thread 0x0000027868824020 1002 % !   4       sun.java2d.d3d.D3DScreenUpdateManager::run @ 0 (267 bytes)
Event: 168699.206 Thread 0x0000027868824020 nmethod 1002% 0x0000027859889810 code [0x00000278598899e0, 0x000002785988a738]
Event: 169201.880 Thread 0x0000027868824020 1004 % !   4       sun.java2d.d3d.D3DScreenUpdateManager::run @ 105 (267 bytes)
Event: 169201.915 Thread 0x0000027868824020 nmethod 1004% 0x000002785988b290 code [0x000002785988b480, 0x000002785988c3b8]
Event: 176325.802 Thread 0x0000027868831600 1006       3       java.lang.ref.ReferenceQueue::reallyPoll (65 bytes)
Event: 176325.819 Thread 0x0000027868831600 nmethod 1006 0x000002785249f610 code [0x000002785249f7e0, 0x000002785249fcf8]
Event: 182134.003 Thread 0x0000027868831600 1007       3       jdk.internal.misc.Unsafe::weakCompareAndSetInt (11 bytes)
Event: 182134.007 Thread 0x0000027868831600 nmethod 1007 0x000002785249fe10 code [0x000002785249ffa0, 0x00000278524a00d8]
Event: 182134.361 Thread 0x0000027868831600 1008       3       jdk.internal.org.objectweb.asm.MethodWriter::visitMaxs (60 bytes)
Event: 182134.364 Thread 0x0000027868831600 nmethod 1008 0x00000278524a0190 code [0x00000278524a0360, 0x00000278524a0638]
Event: 182134.364 Thread 0x0000027868831600 1009       3       jdk.internal.org.objectweb.asm.MethodWriter::visitEnd (1 bytes)
Event: 182134.364 Thread 0x0000027868831600 nmethod 1009 0x00000278524a0710 code [0x00000278524a08a0, 0x00000278524a09b8]
Event: 182134.364 Thread 0x0000027868831600 1010       3       jdk.internal.org.objectweb.asm.MethodWriter::computeMethodInfoSize (571 bytes)
Event: 182134.456 Thread 0x0000027868831600 nmethod 1010 0x00000278524a0a90 code [0x00000278524a0dc0, 0x00000278524a1d08]

GC Heap History (0 events):
No events

Dll operation events (8 events):
Event: 0.009 Loaded shared library C:\Users\aagay\.p2\pool\plugins\org.eclipse.justj.openjdk.hotspot.jre.full.win32.x86_64_17.0.5.v20221102-0933\jre\bin\java.dll
Event: 0.176 Loaded shared library C:\Users\aagay\.p2\pool\plugins\org.eclipse.justj.openjdk.hotspot.jre.full.win32.x86_64_17.0.5.v20221102-0933\jre\bin\jimage.dll
Event: 0.193 Loaded shared library C:\Users\aagay\.p2\pool\plugins\org.eclipse.justj.openjdk.hotspot.jre.full.win32.x86_64_17.0.5.v20221102-0933\jre\bin\net.dll
Event: 0.196 Loaded shared library C:\Users\aagay\.p2\pool\plugins\org.eclipse.justj.openjdk.hotspot.jre.full.win32.x86_64_17.0.5.v20221102-0933\jre\bin\nio.dll
Event: 0.203 Loaded shared library C:\Users\aagay\.p2\pool\plugins\org.eclipse.justj.openjdk.hotspot.jre.full.win32.x86_64_17.0.5.v20221102-0933\jre\bin\zip.dll
Event: 0.266 Loaded shared library C:\Users\aagay\.p2\pool\plugins\org.eclipse.justj.openjdk.hotspot.jre.full.win32.x86_64_17.0.5.v20221102-0933\jre\bin\awt.dll
Event: 0.801 Loaded shared library C:\Users\aagay\.p2\pool\plugins\org.eclipse.justj.openjdk.hotspot.jre.full.win32.x86_64_17.0.5.v20221102-0933\jre\bin\freetype.dll
Event: 0.803 Loaded shared library C:\Users\aagay\.p2\pool\plugins\org.eclipse.justj.openjdk.hotspot.jre.full.win32.x86_64_17.0.5.v20221102-0933\jre\bin\fontmanager.dll

Deoptimization events (20 events):
Event: 0.836 Thread 0x000002784e6ab140 DEOPT PACKING pc=0x000002785986c574 sp=0x000000cb021fd7c0
Event: 0.836 Thread 0x000002784e6ab140 DEOPT UNPACKING pc=0x0000027851dc23a3 sp=0x000000cb021fd760 mode 2
Event: 0.854 Thread 0x000002784e6ab140 Uncommon trap: trap_request=0xffffff45 fr.pc=0x00000278598631f0 relative=0x00000000000004b0
Event: 0.854 Thread 0x000002784e6ab140 Uncommon trap: reason=unstable_if action=reinterpret pc=0x00000278598631f0 method=java.lang.StringLatin1.replace([BCC)Ljava/lang/String; @ 19 c2
Event: 0.854 Thread 0x000002784e6ab140 DEOPT PACKING pc=0x00000278598631f0 sp=0x000000cb021fddf0
Event: 0.854 Thread 0x000002784e6ab140 DEOPT UNPACKING pc=0x0000027851dc23a3 sp=0x000000cb021fdd70 mode 2
Event: 1.126 Thread 0x000002786910d5d0 DEOPT PACKING pc=0x000002785244f942 sp=0x000000cb041fcdd0
Event: 1.126 Thread 0x000002786910d5d0 DEOPT UNPACKING pc=0x0000027851dc2b43 sp=0x000000cb041fc280 mode 0
Event: 1.133 Thread 0x000002786910d5d0 DEOPT PACKING pc=0x0000027852450609 sp=0x000000cb041fcae0
Event: 1.133 Thread 0x000002786910d5d0 DEOPT UNPACKING pc=0x0000027851dc2b43 sp=0x000000cb041fbe68 mode 0
Event: 467.607 Thread 0x0000027869136d50 Uncommon trap: trap_request=0xffffffcc fr.pc=0x00000278598876d4 relative=0x0000000000000234
Event: 467.607 Thread 0x0000027869136d50 Uncommon trap: reason=intrinsic_or_type_checked_inlining action=make_not_entrant pc=0x00000278598876d4 method=java.util.Arrays.copyOf([Ljava/lang/Object;ILjava/lang/Class;)[Ljava/lang/Object; @ 35 c2
Event: 467.607 Thread 0x0000027869136d50 DEOPT PACKING pc=0x00000278598876d4 sp=0x000000cb043fee90
Event: 467.607 Thread 0x0000027869136d50 DEOPT UNPACKING pc=0x0000027851dc23a3 sp=0x000000cb043fee20 mode 2
Event: 579.816 Thread 0x0000027869136d50 Uncommon trap: trap_request=0xffffffdc fr.pc=0x00000278598886a4 relative=0x0000000000000184
Event: 579.816 Thread 0x0000027869136d50 Uncommon trap: reason=class_check action=make_not_entrant pc=0x00000278598886a4 method=java.util.ArrayList.toArray([Ljava/lang/Object;)[Ljava/lang/Object; @ 21 c2
Event: 579.816 Thread 0x0000027869136d50 DEOPT PACKING pc=0x00000278598886a4 sp=0x000000cb043feef0
Event: 579.816 Thread 0x0000027869136d50 DEOPT UNPACKING pc=0x0000027851dc23a3 sp=0x000000cb043feeb0 mode 2
Event: 169146.008 Thread 0x0000027869136d50 DEOPT PACKING pc=0x000002785249a95b sp=0x000000cb043feeb0
Event: 169146.017 Thread 0x0000027869136d50 DEOPT UNPACKING pc=0x0000027851dc2b43 sp=0x000000cb043fe440 mode 0

Classes unloaded (0 events):
No events

Classes redefined (0 events):
No events

Internal exceptions (12 events):
Event: 0.251 Thread 0x000002784e6ab140 Exception <a 'java/lang/ClassNotFoundException'{0x00000000914cac88}: sun/awt/resources/spi/awtProvider> (0x00000000914cac88) 
thrown [s\src\hotspot\share\classfile\systemDictionary.cpp, line 256]
Event: 0.288 Thread 0x000002784e6ab140 Exception <a 'java/io/FileNotFoundException'{0x0000000091325770}> (0x0000000091325770) 
thrown [s\src\hotspot\share\prims\jni.cpp, line 516]
Event: 0.296 Thread 0x000002784e6ab140 Exception <a 'java/io/FileNotFoundException'{0x00000000913526b8}> (0x00000000913526b8) 
thrown [s\src\hotspot\share\prims\jni.cpp, line 516]
Event: 0.364 Thread 0x000002784e6ab140 Exception <a 'java/lang/NoSuchMethodError'{0x00000000913a6a98}: 'java.lang.Object java.lang.invoke.DirectMethodHandle$Holder.invokeStaticInit(java.lang.Object)'> (0x00000000913a6a98) 
thrown [s\src\hotspot\share\interpreter\linkResolver.cpp, line 759]
Event: 0.532 Thread 0x000002784e6ab140 Exception <a 'java/lang/NoSuchMethodError'{0x0000000091219f28}: 'void java.lang.invoke.DirectMethodHandle$Holder.invokeSpecial(java.lang.Object, java.lang.Object, java.lang.Object)'> (0x0000000091219f28) 
thrown [s\src\hotspot\share\interpreter\linkResolver.cpp, line 759]
Event: 0.548 Thread 0x000002784e6ab140 Exception <a 'java/lang/NoSuchMethodError'{0x00000000912440d8}: 'java.lang.Object java.lang.invoke.DirectMethodHandle$Holder.newInvokeSpecial(java.lang.Object, java.lang.Object, java.lang.Object, java.lang.Object, java.lang.Object)'> (0x00000000912440d8) 
thrown [s\src\hotspot\share\interpreter\linkResolver.cpp, line 759]
Event: 0.551 Thread 0x000002784e6ab140 Exception <a 'java/lang/NoSuchMethodError'{0x000000009124faa0}: 'java.lang.Object java.lang.invoke.DirectMethodHandle$Holder.invokeStatic(java.lang.Object, int, java.lang.Object, java.lang.Object, java.lang.Object, java.lang.Object)'> (0x000000009124faa0) 
thrown [s\src\hotspot\share\interpreter\linkResolver.cpp, line 759]
Event: 0.559 Thread 0x000002784e6ab140 Exception <a 'java/lang/NoSuchMethodError'{0x00000000912754e0}: 'java.lang.Object java.lang.invoke.DirectMethodHandle$Holder.invokeStatic(java.lang.Object, int, java.lang.Object)'> (0x00000000912754e0) 
thrown [s\src\hotspot\share\interpreter\linkResolver.cpp, line 759]
Event: 0.604 Thread 0x000002784e6ab140 Exception <a 'java/lang/ClassNotFoundException'{0x000000009112daa8}: com/sun/swing/internal/plaf/metal/resources/spi/metalProvider> (0x000000009112daa8) 
thrown [s\src\hotspot\share\classfile\systemDictionary.cpp, line 256]
Event: 0.605 Thread 0x000002784e6ab140 Exception <a 'java/lang/ClassNotFoundException'{0x0000000091131950}: com/sun/swing/internal/plaf/basic/resources/spi/basicProvider> (0x0000000091131950) 
thrown [s\src\hotspot\share\classfile\systemDictionary.cpp, line 256]
Event: 0.880 Thread 0x0000027868d19600 Exception <a 'java/lang/NoSuchMethodError'{0x00000000913e7618}: 'void java.lang.invoke.DirectMethodHandle$Holder.invokeVirtual(java.lang.Object, java.lang.Object)'> (0x00000000913e7618) 
thrown [s\src\hotspot\share\interpreter\linkResolver.cpp, line 759]
Event: 0.900 Thread 0x000002784e6ab140 Exception <a 'java/lang/NoSuchMethodError'{0x0000000090f6a2a0}: 'void java.lang.invoke.DirectMethodHandle$Holder.invokeStaticInit(java.lang.Object)'> (0x0000000090f6a2a0) 
thrown [s\src\hotspot\share\interpreter\linkResolver.cpp, line 759]

VM Operations (16 events):
Event: 0.213 Executing VM operation: HandshakeAllThreads
Event: 0.213 Executing VM operation: HandshakeAllThreads done
Event: 0.627 Executing VM operation: HandshakeAllThreads
Event: 0.628 Executing VM operation: HandshakeAllThreads done
Event: 0.826 Executing VM operation: HandshakeAllThreads
Event: 0.826 Executing VM operation: HandshakeAllThreads done
Event: 1.105 Executing VM operation: HandshakeAllThreads
Event: 1.105 Executing VM operation: HandshakeAllThreads done
Event: 1.105 Executing VM operation: Cleanup
Event: 1.105 Executing VM operation: Cleanup done
Event: 3.107 Executing VM operation: Cleanup
Event: 3.107 Executing VM operation: Cleanup done
Event: 4.110 Executing VM operation: Cleanup
Event: 4.110 Executing VM operation: Cleanup done
Event: 3449.824 Executing VM operation: Cleanup
Event: 3449.825 Executing VM operation: Cleanup done

Events (20 events):
Event: 182137.372 loading class java/awt/image/WritableRaster
Event: 182137.445 loading class java/awt/image/WritableRaster done
Event: 182137.445 loading class sun/awt/image/SunWritableRaster done
Event: 182137.465 loading class java/awt/image/SinglePixelPackedSampleModel
Event: 182137.515 loading class java/awt/image/SampleModel
Event: 182137.543 loading class java/awt/image/SampleModel done
Event: 182137.552 loading class java/awt/image/SinglePixelPackedSampleModel done
Event: 182137.555 loading class sun/awt/image/IntegerInterleavedRaster
Event: 182137.608 loading class sun/awt/image/IntegerComponentRaster
Event: 182137.637 loading class sun/awt/image/IntegerComponentRaster done
Event: 182137.637 loading class sun/awt/image/IntegerInterleavedRaster done
Event: 182137.750 loading class java/awt/image/BufferedImage
Event: 182137.845 loading class java/awt/image/WritableRenderedImage
Event: 182137.845 loading class java/awt/image/RenderedImage
Event: 182137.845 loading class java/awt/image/RenderedImage done
Event: 182137.845 loading class java/awt/image/WritableRenderedImage done
Event: 182137.845 loading class java/awt/image/BufferedImage done
Event: 182137.850 loading class java/awt/image/BufferedImage$1
Event: 182137.851 loading class java/awt/image/BufferedImage$1 done
Event: 182137.859 loading class sun/awt/image/BufImgSurfaceData


Dynamic libraries:
0x00007ff624730000 - 0x00007ff62473e000 	C:\Users\aagay\.p2\pool\plugins\org.eclipse.justj.openjdk.hotspot.jre.full.win32.x86_64_17.0.5.v20221102-0933\jre\bin\javaw.exe
0x00007ffb98e90000 - 0x00007ffb99088000 	C:\WINDOWS\SYSTEM32\ntdll.dll
0x00007ffb97850000 - 0x00007ffb9790f000 	C:\WINDOWS\System32\KERNEL32.DLL
0x00007ffb967f0000 - 0x00007ffb96ac2000 	C:\WINDOWS\System32\KERNELBASE.dll
0x00007ffb96ad0000 - 0x00007ffb96bd0000 	C:\WINDOWS\System32\ucrtbase.dll
0x00007ffb90880000 - 0x00007ffb90899000 	C:\Users\aagay\.p2\pool\plugins\org.eclipse.justj.openjdk.hotspot.jre.full.win32.x86_64_17.0.5.v20221102-0933\jre\bin\VCRUNTIME140.dll
0x00007ffb8fa70000 - 0x00007ffb8fa87000 	C:\Users\aagay\.p2\pool\plugins\org.eclipse.justj.openjdk.hotspot.jre.full.win32.x86_64_17.0.5.v20221102-0933\jre\bin\jli.dll
0x00007ffb98c00000 - 0x00007ffb98da1000 	C:\WINDOWS\System32\USER32.dll
0x00007ffb76660000 - 0x00007ffb768fa000 	C:\WINDOWS\WinSxS\amd64_microsoft.windows.common-controls_6595b64144ccf1df_6.0.19041.1110_none_60b5254171f9507e\COMCTL32.dll
0x00007ffb96ea0000 - 0x00007ffb96ec2000 	C:\WINDOWS\System32\win32u.dll
0x00007ffb972c0000 - 0x00007ffb9735e000 	C:\WINDOWS\System32\msvcrt.dll
0x00007ffb97280000 - 0x00007ffb972ab000 	C:\WINDOWS\System32\GDI32.dll
0x00007ffb96c80000 - 0x00007ffb96d8f000 	C:\WINDOWS\System32\gdi32full.dll
0x00007ffb96d90000 - 0x00007ffb96e2d000 	C:\WINDOWS\System32\msvcp_win.dll
0x00007ffb98db0000 - 0x00007ffb98de2000 	C:\WINDOWS\System32\IMM32.DLL
0x00007ffb8fe90000 - 0x00007ffb8fe9c000 	C:\Users\aagay\.p2\pool\plugins\org.eclipse.justj.openjdk.hotspot.jre.full.win32.x86_64_17.0.5.v20221102-0933\jre\bin\vcruntime140_1.dll
0x00007ffb83380000 - 0x00007ffb83411000 	C:\Users\aagay\.p2\pool\plugins\org.eclipse.justj.openjdk.hotspot.jre.full.win32.x86_64_17.0.5.v20221102-0933\jre\bin\msvcp140.dll
0x00007ffb3d4a0000 - 0x00007ffb3e0e4000 	C:\Users\aagay\.p2\pool\plugins\org.eclipse.justj.openjdk.hotspot.jre.full.win32.x86_64_17.0.5.v20221102-0933\jre\bin\server\jvm.dll
0x00007ffb98940000 - 0x00007ffb989ee000 	C:\WINDOWS\System32\ADVAPI32.dll
0x00007ffb971e0000 - 0x00007ffb9727c000 	C:\WINDOWS\System32\sechost.dll
0x00007ffb96ed0000 - 0x00007ffb96ff5000 	C:\WINDOWS\System32\RPCRT4.dll
0x00007ffb93790000 - 0x00007ffb937b7000 	C:\WINDOWS\SYSTEM32\WINMM.dll
0x00007ffb8d090000 - 0x00007ffb8d09a000 	C:\WINDOWS\SYSTEM32\VERSION.dll
0x00007ffb82da0000 - 0x00007ffb82da9000 	C:\WINDOWS\SYSTEM32\WSOCK32.dll
0x00007ffb98b30000 - 0x00007ffb98b9b000 	C:\WINDOWS\System32\WS2_32.dll
0x00007ffb94e00000 - 0x00007ffb94e12000 	C:\WINDOWS\SYSTEM32\kernel.appcore.dll
0x00007ffb90ad0000 - 0x00007ffb90ada000 	C:\Users\aagay\.p2\pool\plugins\org.eclipse.justj.openjdk.hotspot.jre.full.win32.x86_64_17.0.5.v20221102-0933\jre\bin\jimage.dll
0x00007ffb94a60000 - 0x00007ffb94c44000 	C:\WINDOWS\SYSTEM32\DBGHELP.DLL
0x00007ffb93750000 - 0x00007ffb93785000 	C:\WINDOWS\SYSTEM32\dbgcore.DLL
0x00007ffb96760000 - 0x00007ffb967e2000 	C:\WINDOWS\System32\bcryptPrimitives.dll
0x00007ffb8f5f0000 - 0x00007ffb8f615000 	C:\Users\aagay\.p2\pool\plugins\org.eclipse.justj.openjdk.hotspot.jre.full.win32.x86_64_17.0.5.v20221102-0933\jre\bin\java.dll
0x00007ffb8fe70000 - 0x00007ffb8fe88000 	C:\Users\aagay\.p2\pool\plugins\org.eclipse.justj.openjdk.hotspot.jre.full.win32.x86_64_17.0.5.v20221102-0933\jre\bin\zip.dll
0x00007ffb97910000 - 0x00007ffb98055000 	C:\WINDOWS\System32\SHELL32.dll
0x00007ffb942c0000 - 0x00007ffb94a52000 	C:\WINDOWS\SYSTEM32\windows.storage.dll
0x00007ffb98430000 - 0x00007ffb98785000 	C:\WINDOWS\System32\combase.dll
0x00007ffb95f70000 - 0x00007ffb95fa0000 	C:\WINDOWS\SYSTEM32\Wldp.dll
0x00007ffb97000000 - 0x00007ffb970ad000 	C:\WINDOWS\System32\SHCORE.dll
0x00007ffb98390000 - 0x00007ffb983e5000 	C:\WINDOWS\System32\shlwapi.dll
0x00007ffb964c0000 - 0x00007ffb964df000 	C:\WINDOWS\SYSTEM32\profapi.dll
0x00007ffb8fd00000 - 0x00007ffb8fd19000 	C:\Users\aagay\.p2\pool\plugins\org.eclipse.justj.openjdk.hotspot.jre.full.win32.x86_64_17.0.5.v20221102-0933\jre\bin\net.dll
0x00007ffb8c1d0000 - 0x00007ffb8c2dc000 	C:\WINDOWS\SYSTEM32\WINHTTP.dll
0x00007ffb95cd0000 - 0x00007ffb95d3a000 	C:\WINDOWS\system32\mswsock.dll
0x00007ffb8f9e0000 - 0x00007ffb8f9f5000 	C:\Users\aagay\.p2\pool\plugins\org.eclipse.justj.openjdk.hotspot.jre.full.win32.x86_64_17.0.5.v20221102-0933\jre\bin\nio.dll
0x00007ffb6d800000 - 0x00007ffb6d98e000 	C:\Users\aagay\.p2\pool\plugins\org.eclipse.justj.openjdk.hotspot.jre.full.win32.x86_64_17.0.5.v20221102-0933\jre\bin\awt.dll
0x00007ffb981a0000 - 0x00007ffb9826d000 	C:\WINDOWS\System32\OLEAUT32.dll
0x00007ffb935d0000 - 0x00007ffb93660000 	C:\WINDOWS\SYSTEM32\apphelp.dll
0x00007ffb93ce0000 - 0x00007ffb93d0f000 	C:\WINDOWS\system32\DWMAPI.DLL
0x00007ffb93b00000 - 0x00007ffb93b9e000 	C:\WINDOWS\system32\uxtheme.dll
0x00007ffb6ef50000 - 0x00007ffb6f075000 	C:\WINDOWS\system32\opengl32.dll
0x00007ffb8e6c0000 - 0x00007ffb8e6ec000 	C:\WINDOWS\SYSTEM32\GLU32.dll
0x00007ffb98270000 - 0x00007ffb98385000 	C:\WINDOWS\System32\MSCTF.dll
0x00007ffb970b0000 - 0x00007ffb971da000 	C:\WINDOWS\System32\ole32.dll
0x00007ffb4ef50000 - 0x00007ffb4f11e000 	C:\WINDOWS\system32\d3d9.dll
0x00007ffb8c910000 - 0x00007ffb8caeb000 	C:\WINDOWS\System32\DriverStore\FileRepository\u0361801.inf_amd64_d48dfdbe217ac50c\B361342\aticfx64.dll
0x00007ffb885a0000 - 0x00007ffb885d3000 	C:\WINDOWS\System32\DriverStore\FileRepository\u0361801.inf_amd64_d48dfdbe217ac50c\B361342\atiu9p64.dll
0x00007ffb56d00000 - 0x00007ffb57996000 	C:\WINDOWS\System32\DriverStore\FileRepository\u0361801.inf_amd64_d48dfdbe217ac50c\B361342\atiumd64.dll
0x0000000060640000 - 0x00000000614ba000 	C:\WINDOWS\System32\DriverStore\FileRepository\u0361801.inf_amd64_d48dfdbe217ac50c\B361342\atiumd6a.dll
0x00007ffb96580000 - 0x00007ffb965a7000 	C:\WINDOWS\System32\bcrypt.dll
0x00007ffb96340000 - 0x00007ffb9638b000 	C:\WINDOWS\SYSTEM32\POWRPROF.dll
0x00007ffb96320000 - 0x00007ffb96332000 	C:\WINDOWS\SYSTEM32\UMPDC.dll
0x00007ffb8cee0000 - 0x00007ffb8cf0f000 	C:\WINDOWS\SYSTEM32\amdihk64.dll
0x00007ffb8d910000 - 0x00007ffb8d94b000 	C:\WINDOWS\SYSTEM32\dxcore.dll
0x00007ffb96710000 - 0x00007ffb9675e000 	C:\WINDOWS\System32\cfgmgr32.dll
0x00007ffb882d0000 - 0x00007ffb88356000 	C:\Users\aagay\.p2\pool\plugins\org.eclipse.justj.openjdk.hotspot.jre.full.win32.x86_64_17.0.5.v20221102-0933\jre\bin\freetype.dll
0x00007ffb82a30000 - 0x00007ffb82af5000 	C:\Users\aagay\.p2\pool\plugins\org.eclipse.justj.openjdk.hotspot.jre.full.win32.x86_64_17.0.5.v20221102-0933\jre\bin\fontmanager.dll
0x00007ffb980f0000 - 0x00007ffb98199000 	C:\WINDOWS\System32\clbcatq.dll
0x00007ffb91210000 - 0x00007ffb913c4000 	C:\WINDOWS\SYSTEM32\WindowsCodecs.dll
0x00007ffb841e0000 - 0x00007ffb8421e000 	C:\WINDOWS\system32\dataexchange.dll
0x00007ffb929b0000 - 0x00007ffb92b93000 	C:\WINDOWS\system32\dcomp.dll
0x00007ffb92180000 - 0x00007ffb923e3000 	C:\WINDOWS\system32\d3d11.dll
0x00007ffb94e40000 - 0x00007ffb94f33000 	C:\WINDOWS\system32\dxgi.dll
0x00007ffb90f60000 - 0x00007ffb91160000 	C:\WINDOWS\system32\twinapi.appcore.dll
0x00007ffb73760000 - 0x00007ffb73859000 	C:\WINDOWS\SYSTEM32\textinputframework.dll
0x00007ffb93360000 - 0x00007ffb93452000 	C:\WINDOWS\System32\CoreMessaging.dll
0x00007ffb92ba0000 - 0x00007ffb92efe000 	C:\WINDOWS\System32\CoreUIComponents.dll
0x00007ffb956a0000 - 0x00007ffb956d3000 	C:\WINDOWS\SYSTEM32\ntmarta.dll
0x00007ffb91bc0000 - 0x00007ffb91d14000 	C:\WINDOWS\SYSTEM32\wintypes.dll
0x00007ffb87480000 - 0x00007ffb874e6000 	C:\WINDOWS\system32\Oleacc.dll

dbghelp: loaded successfully - version: 4.0.5 - missing functions: none
symbol engine: initialized successfully - sym options: 0x614 - pdb path: .;C:\Users\aagay\.p2\pool\plugins\org.eclipse.justj.openjdk.hotspot.jre.full.win32.x86_64_17.0.5.v20221102-0933\jre\bin;C:\WINDOWS\SYSTEM32;C:\WINDOWS\WinSxS\amd64_microsoft.windows.common-controls_6595b64144ccf1df_6.0.19041.1110_none_60b5254171f9507e;C:\Users\aagay\.p2\pool\plugins\org.eclipse.justj.openjdk.hotspot.jre.full.win32.x86_64_17.0.5.v20221102-0933\jre\bin\server;C:\WINDOWS\System32\DriverStore\FileRepository\u0361801.inf_amd64_d48dfdbe217ac50c\B361342

VM Arguments:
jvm_args: -Dfile.encoding=UTF-8 -XX:+ShowCodeDetailsInExceptionMessages 
java_command: Game.GUI
java_class_path (initial): C:\Users\aagay\Documents\GitDirectory\SOS_Game\bin;C:\Users\aagay\.p2\pool\plugins\junit-jupiter-api_5.9.1.jar;C:\Users\aagay\.p2\pool\plugins\junit-jupiter-engine_5.9.1.jar;C:\Users\aagay\.p2\pool\plugins\junit-jupiter-migrationsupport_5.9.1.jar;C:\Users\aagay\.p2\pool\plugins\junit-jupiter-params_5.9.1.jar;C:\Users\aagay\.p2\pool\plugins\junit-platform-commons_1.9.1.jar;C:\Users\aagay\.p2\pool\plugins\junit-platform-engine_1.9.1.jar;C:\Users\aagay\.p2\pool\plugins\junit-platform-launcher_1.9.1.jar;C:\Users\aagay\.p2\pool\plugins\junit-platform-runner_1.9.1.jar;C:\Users\aagay\.p2\pool\plugins\junit-platform-suite-api_1.9.1.jar;C:\Users\aagay\.p2\pool\plugins\junit-platform-suite-engine_1.9.1.jar;C:\Users\aagay\.p2\pool\plugins\junit-platform-suite-commons_1.9.1.jar;C:\Users\aagay\.p2\pool\plugins\junit-vintage-engine_5.9.1.jar;C:\Users\aagay\.p2\pool\plugins\org.opentest4j_1.2.0.jar;C:\Users\aagay\.p2\pool\plugins\org.apiguardian.api_1.1.2.jar;C:\Users\aagay\.p2\pool\plugins\org.junit_4.13.2.v20211018-1956.jar;C:\Users\aagay\.p2\pool\plugins\org.hamcrest.core_1.3.0.v20180420-1519.jar
Launcher Type: SUN_STANDARD

[Global flags]
     intx CICompilerCount                          = 3                                         {product} {ergonomic}
     uint ConcGCThreads                            = 2                                         {product} {ergonomic}
     uint G1ConcRefinementThreads                  = 6                                         {product} {ergonomic}
   size_t G1HeapRegionSize                         = 1048576                                   {product} {ergonomic}
    uintx GCDrainStackTargetSize                   = 64                                        {product} {ergonomic}
   size_t InitialHeapSize                          = 123731968                                 {product} {ergonomic}
   size_t MarkStackSize                            = 4194304                                   {product} {ergonomic}
   size_t MaxHeapSize                              = 1979711488                                {product} {ergonomic}
   size_t MaxNewSize                               = 1186988032                                {product} {ergonomic}
   size_t MinHeapDeltaBytes                        = 1048576                                   {product} {ergonomic}
   size_t MinHeapSize                              = 8388608                                   {product} {ergonomic}
    uintx NonNMethodCodeHeapSize                   = 5832780                                {pd product} {ergonomic}
    uintx NonProfiledCodeHeapSize                  = 122912730                              {pd product} {ergonomic}
    uintx ProfiledCodeHeapSize                     = 122912730                              {pd product} {ergonomic}
    uintx ReservedCodeCacheSize                    = 251658240                              {pd product} {ergonomic}
     bool SegmentedCodeCache                       = true                                      {product} {ergonomic}
     bool ShowCodeDetailsInExceptionMessages       = true                                   {manageable} {command line}
   size_t SoftMaxHeapSize                          = 1979711488                             {manageable} {ergonomic}
     bool UseCompressedClassPointers               = true                           {product lp64_product} {ergonomic}
     bool UseCompressedOops                        = true                           {product lp64_product} {ergonomic}
     bool UseG1GC                                  = true                                      {product} {ergonomic}
     bool UseLargePagesIndividualAllocation        = false                                  {pd product} {ergonomic}

Logging:
Log output configuration:
 #0: stdout all=warning uptime,level,tags
 #1: stderr all=off uptime,level,tags

Environment Variables:
PATH=C:/Users/aagay/.p2/pool/plugins/org.eclipse.justj.openjdk.hotspot.jre.full.win32.x86_64_17.0.5.v20221102-0933/jre/bin/server;C:/Users/aagay/.p2/pool/plugins/org.eclipse.justj.openjdk.hotspot.jre.full.win32.x86_64_17.0.5.v20221102-0933/jre/bin;C:\WINDOWS\system32;C:\WINDOWS;C:\WINDOWS\System32\Wbem;C:\WINDOWS\System32\WindowsPowerShell\v1.0\;C:\WINDOWS\System32\OpenSSH\;C:\Program Files\Git\cmd;C:\Program Files\dotnet\;C:\Users\aagay\AppData\Local\Microsoft\WindowsApps;;C:\Users\aagay\Desktop;
USERNAME=Anar
OS=Windows_NT
PROCESSOR_IDENTIFIER=AMD64 Family 23 Model 96 Stepping 1, AuthenticAMD
TMP=C:\Users\aagay\AppData\Local\Temp
TEMP=C:\Users\aagay\AppData\Local\Temp



---------------  S Y S T E M  ---------------

OS:
 Windows 10 , 64 bit Build 19041 (10.0.19041.2546)
OS uptime: 29 days 5:59 hours

CPU: total 6 (initial active 6) (6 cores per cpu, 1 threads per core) family 23 model 96 stepping 1 microcode 0x0, cx8, cmov, fxsr, mmx, 3dnowpref, sse, sse2, sse3, ssse3, sse4a, sse4.1, sse4.2, popcnt, lzcnt, tsc, tscinvbit, avx, avx2, aes, clmul, bmi1, bmi2, adx, sha, fma, vzeroupper, clflush, clflushopt

Memory: 4k page, system-wide physical 7547M (33M free)
TotalPageFile size 31099M (AvailPageFile size 22M)
current process WorkingSet (physical memory assigned to process): 32M, peak: 93M
current process commit charge ("private bytes"): 237M, peak: 239M

vm_info: OpenJDK 64-Bit Server VM (17.0.5+8) for windows-amd64 JRE (17.0.5+8), built on Oct 19 2022 04:48:13 by "temurin" with MS VC++ 16.7 (VS2019)

END.
